<?xml version="1.0" encoding="UTF-8"?>
<testng-results ignored="0" total="2" passed="2" failed="0" skipped="0">
  <reporter-output>
  </reporter-output>
  <suite started-at="2024-08-28T11:01:16Z" name="Suite" finished-at="2024-08-28T11:01:29Z" duration-ms="12934">
    <groups>
    </groups>
    <test started-at="2024-08-28T11:01:16Z" name="Test" finished-at="2024-08-28T11:01:29Z" duration-ms="12934">
      <class name="Tests.Test1">
        <test-method is-config="true" signature="launchApplication()[pri:0, instance:Tests.Test1@6d304f9d]" started-at="2024-08-28T11:01:17Z" name="launchApplication" finished-at="2024-08-28T11:01:19Z" duration-ms="2762" status="PASS">
          <reporter-output>
          </reporter-output>
        </test-method> <!-- launchApplication -->
        <test-method signature="submitOrder(java.util.HashMap)[pri:0, instance:Tests.Test1@6d304f9d]" started-at="2024-08-28T11:01:19Z" name="submitOrder" data-provider="JsonData" finished-at="2024-08-28T11:01:23Z" duration-ms="3357" status="PASS">
          <params>
            <param index="0">
              <value>
                <![CDATA[{password=Test@123, product=ZARA COAT 3, email=dsk@gmail.com}]]>
              </value>
            </param>
          </params>
          <reporter-output>
          </reporter-output>
        </test-method> <!-- submitOrder -->
        <test-method is-config="true" signature="tearDown()[pri:0, instance:Tests.Test1@6d304f9d]" started-at="2024-08-28T11:01:23Z" name="tearDown" finished-at="2024-08-28T11:01:23Z" duration-ms="148" status="PASS">
          <reporter-output>
          </reporter-output>
        </test-method> <!-- tearDown -->
        <test-method is-config="true" signature="launchApplication()[pri:0, instance:Tests.Test1@6d304f9d]" started-at="2024-08-28T11:01:23Z" name="launchApplication" finished-at="2024-08-28T11:01:26Z" duration-ms="2998" status="PASS">
          <reporter-output>
          </reporter-output>
        </test-method> <!-- launchApplication -->
        <test-method signature="submitOrder(java.util.HashMap)[pri:0, instance:Tests.Test1@6d304f9d]" started-at="2024-08-28T11:01:26Z" name="submitOrder" data-provider="JsonData" finished-at="2024-08-28T11:01:29Z" duration-ms="3396" status="PASS">
          <params>
            <param index="0">
              <value>
                <![CDATA[{password=Diksha@12, product=ADIDAS ORIGINAL, email=dikshakamdi@123.com}]]>
              </value>
            </param>
          </params>
          <reporter-output>
          </reporter-output>
        </test-method> <!-- submitOrder -->
        <test-method is-config="true" signature="tearDown()[pri:0, instance:Tests.Test1@6d304f9d]" started-at="2024-08-28T11:01:29Z" name="tearDown" finished-at="2024-08-28T11:01:29Z" duration-ms="129" status="PASS">
          <reporter-output>
          </reporter-output>
        </test-method> <!-- tearDown -->
      </class> <!-- Tests.Test1 -->
    </test> <!-- Test -->
  </suite> <!-- Suite -->
</testng-results>
